{"/Users/grahammann/Coding/seo-saas-platform/integrations/n8n/n8n-nodes-seotakeoff/credentials/SeotakeoffApi.credentials.ts": {"path":"/Users/grahammann/Coding/seo-saas-platform/integrations/n8n/n8n-nodes-seotakeoff/credentials/SeotakeoffApi.credentials.ts","statementMap":{"0":{"start":{"line":9,"column":2},"end":{"line":9,"column":25}},"1":{"start":{"line":10,"column":2},"end":{"line":10,"column":33}},"2":{"start":{"line":11,"column":2},"end":{"line":11,"column":68}},"3":{"start":{"line":13,"column":2},"end":{"line":25,"column":4}},"4":{"start":{"line":27,"column":2},"end":{"line":34,"column":4}},"5":{"start":{"line":36,"column":2},"end":{"line":41,"column":4}},"6":{"start":{"line":8,"column":0},"end":{"line":8,"column":13}}},"fnMap":{"0":{"name":"(anonymous_0)","decl":{"start":{"line":8,"column":0},"end":{"line":8,"column":13}},"loc":{"start":{"line":8,"column":0},"end":{"line":42,"column":1}}}},"branchMap":{},"s":{"0":9,"1":9,"2":9,"3":9,"4":9,"5":9,"6":1},"f":{"0":9},"b":{}}
,"/Users/grahammann/Coding/seo-saas-platform/integrations/n8n/n8n-nodes-seotakeoff/nodes/Seotakeoff/GenericFunctions.ts": {"path":"/Users/grahammann/Coding/seo-saas-platform/integrations/n8n/n8n-nodes-seotakeoff/nodes/Seotakeoff/GenericFunctions.ts","statementMap":{"0":{"start":{"line":11,"column":0},"end":{"line":11,"column":7}},"1":{"start":{"line":41,"column":0},"end":{"line":41,"column":7}},"2":{"start":{"line":18,"column":35},"end":{"line":24,"column":4}},"3":{"start":{"line":26,"column":2},"end":{"line":28,"column":3}},"4":{"start":{"line":27,"column":4},"end":{"line":27,"column":24}},"5":{"start":{"line":30,"column":2},"end":{"line":32,"column":3}},"6":{"start":{"line":31,"column":4},"end":{"line":31,"column":22}},"7":{"start":{"line":34,"column":2},"end":{"line":38,"column":4}},"8":{"start":{"line":48,"column":28},"end":{"line":48,"column":30}},"9":{"start":{"line":50,"column":13},"end":{"line":50,"column":14}},"10":{"start":{"line":51,"column":16},"end":{"line":51,"column":19}},"11":{"start":{"line":53,"column":2},"end":{"line":71,"column":42}},"12":{"start":{"line":54,"column":4},"end":{"line":60,"column":6}},"13":{"start":{"line":62,"column":4},"end":{"line":68,"column":5}},"14":{"start":{"line":63,"column":6},"end":{"line":63,"column":39}},"15":{"start":{"line":64,"column":11},"end":{"line":68,"column":5}},"16":{"start":{"line":65,"column":6},"end":{"line":65,"column":45}},"17":{"start":{"line":67,"column":6},"end":{"line":67,"column":12}},"18":{"start":{"line":70,"column":4},"end":{"line":70,"column":11}},"19":{"start":{"line":73,"column":2},"end":{"line":73,"column":20}}},"fnMap":{"0":{"name":"seotakeoffApiRequest","decl":{"start":{"line":11,"column":22},"end":{"line":11,"column":42}},"loc":{"start":{"line":16,"column":25},"end":{"line":39,"column":1}}},"1":{"name":"seotakeoffApiRequestAllItems","decl":{"start":{"line":41,"column":22},"end":{"line":41,"column":50}},"loc":{"start":{"line":46,"column":25},"end":{"line":74,"column":1}}}},"branchMap":{"0":{"loc":{"start":{"line":15,"column":2},"end":{"line":15,"column":24}},"type":"default-arg","locations":[{"start":{"line":15,"column":22},"end":{"line":15,"column":24}}]},"1":{"loc":{"start":{"line":16,"column":2},"end":{"line":16,"column":25}},"type":"default-arg","locations":[{"start":{"line":16,"column":23},"end":{"line":16,"column":25}}]},"2":{"loc":{"start":{"line":26,"column":2},"end":{"line":28,"column":3}},"type":"if","locations":[{"start":{"line":26,"column":2},"end":{"line":28,"column":3}}]},"3":{"loc":{"start":{"line":30,"column":2},"end":{"line":32,"column":3}},"type":"if","locations":[{"start":{"line":30,"column":2},"end":{"line":32,"column":3}}]},"4":{"loc":{"start":{"line":45,"column":2},"end":{"line":45,"column":24}},"type":"default-arg","locations":[{"start":{"line":45,"column":22},"end":{"line":45,"column":24}}]},"5":{"loc":{"start":{"line":46,"column":2},"end":{"line":46,"column":25}},"type":"default-arg","locations":[{"start":{"line":46,"column":23},"end":{"line":46,"column":25}}]},"6":{"loc":{"start":{"line":62,"column":4},"end":{"line":68,"column":5}},"type":"if","locations":[{"start":{"line":62,"column":4},"end":{"line":68,"column":5}},{"start":{"line":64,"column":11},"end":{"line":68,"column":5}}]},"7":{"loc":{"start":{"line":64,"column":11},"end":{"line":68,"column":5}},"type":"if","locations":[{"start":{"line":64,"column":11},"end":{"line":68,"column":5}},{"start":{"line":66,"column":11},"end":{"line":68,"column":5}}]}},"s":{"0":2,"1":2,"2":0,"3":0,"4":0,"5":0,"6":0,"7":0,"8":0,"9":0,"10":0,"11":0,"12":0,"13":0,"14":0,"15":0,"16":0,"17":0,"18":0,"19":0},"f":{"0":0,"1":0},"b":{"0":[0],"1":[0],"2":[0],"3":[0],"4":[0],"5":[0],"6":[0,0],"7":[0,0]}}
,"/Users/grahammann/Coding/seo-saas-platform/integrations/n8n/n8n-nodes-seotakeoff/nodes/Seotakeoff/Seotakeoff.node.ts": {"path":"/Users/grahammann/Coding/seo-saas-platform/integrations/n8n/n8n-nodes-seotakeoff/nodes/Seotakeoff/Seotakeoff.node.ts","statementMap":{"0":{"start":{"line":11,"column":0},"end":{"line":11,"column":58}},"1":{"start":{"line":14,"column":2},"end":{"line":305,"column":4}},"2":{"start":{"line":307,"column":2},"end":{"line":335,"column":4}},"3":{"start":{"line":310,"column":25},"end":{"line":310,"column":82}},"4":{"start":{"line":311,"column":8},"end":{"line":314,"column":12}},"5":{"start":{"line":311,"column":47},"end":{"line":314,"column":10}},"6":{"start":{"line":318,"column":26},"end":{"line":318,"column":77}},"7":{"start":{"line":319,"column":8},"end":{"line":321,"column":9}},"8":{"start":{"line":320,"column":10},"end":{"line":320,"column":20}},"9":{"start":{"line":322,"column":26},"end":{"line":327,"column":null}},"10":{"start":{"line":329,"column":8},"end":{"line":332,"column":12}},"11":{"start":{"line":329,"column":49},"end":{"line":332,"column":10}},"12":{"start":{"line":338,"column":18},"end":{"line":338,"column":37}},"13":{"start":{"line":339,"column":45},"end":{"line":339,"column":47}},"14":{"start":{"line":341,"column":21},"end":{"line":341,"column":67}},"15":{"start":{"line":342,"column":22},"end":{"line":342,"column":69}},"16":{"start":{"line":344,"column":4},"end":{"line":417,"column":5}},"17":{"start":{"line":344,"column":17},"end":{"line":344,"column":18}},"18":{"start":{"line":345,"column":6},"end":{"line":416,"column":7}},"19":{"start":{"line":348,"column":8},"end":{"line":383,"column":9}},"20":{"start":{"line":349,"column":10},"end":{"line":359,"column":11}},"21":{"start":{"line":350,"column":31},"end":{"line":350,"column":79}},"22":{"start":{"line":351,"column":38},"end":{"line":351,"column":93}},"23":{"start":{"line":353,"column":30},"end":{"line":356,"column":14}},"24":{"start":{"line":358,"column":12},"end":{"line":358,"column":92}},"25":{"start":{"line":361,"column":10},"end":{"line":364,"column":11}},"26":{"start":{"line":362,"column":30},"end":{"line":362,"column":77}},"27":{"start":{"line":363,"column":12},"end":{"line":363,"column":98}},"28":{"start":{"line":366,"column":10},"end":{"line":382,"column":11}},"29":{"start":{"line":367,"column":30},"end":{"line":367,"column":78}},"30":{"start":{"line":368,"column":28},"end":{"line":368,"column":78}},"31":{"start":{"line":370,"column":12},"end":{"line":381,"column":13}},"32":{"start":{"line":371,"column":14},"end":{"line":371,"column":100}},"33":{"start":{"line":373,"column":28},"end":{"line":373,"column":71}},"34":{"start":{"line":374,"column":14},"end":{"line":380,"column":16}},"35":{"start":{"line":385,"column":8},"end":{"line":389,"column":9}},"36":{"start":{"line":386,"column":10},"end":{"line":388,"column":11}},"37":{"start":{"line":387,"column":12},"end":{"line":387,"column":85}},"38":{"start":{"line":391,"column":8},"end":{"line":402,"column":9}},"39":{"start":{"line":392,"column":10},"end":{"line":401,"column":11}},"40":{"start":{"line":393,"column":30},"end":{"line":393,"column":77}},"41":{"start":{"line":394,"column":12},"end":{"line":400,"column":14}},"42":{"start":{"line":405,"column":8},"end":{"line":409,"column":9}},"43":{"start":{"line":406,"column":10},"end":{"line":406,"column":75}},"44":{"start":{"line":406,"column":57},"end":{"line":406,"column":71}},"45":{"start":{"line":408,"column":10},"end":{"line":408,"column":50}},"46":{"start":{"line":411,"column":8},"end":{"line":414,"column":9}},"47":{"start":{"line":412,"column":10},"end":{"line":412,"column":73}},"48":{"start":{"line":413,"column":10},"end":{"line":413,"column":19}},"49":{"start":{"line":415,"column":8},"end":{"line":415,"column":20}},"50":{"start":{"line":419,"column":4},"end":{"line":419,"column":24}},"51":{"start":{"line":13,"column":0},"end":{"line":13,"column":13}}},"fnMap":{"0":{"name":"(anonymous_0)","decl":{"start":{"line":13,"column":0},"end":{"line":13,"column":13}},"loc":{"start":{"line":13,"column":0},"end":{"line":421,"column":1}}},"1":{"name":"(anonymous_1)","decl":{"start":{"line":309,"column":6},"end":{"line":309,"column":11}},"loc":{"start":{"line":309,"column":23},"end":{"line":315,"column":7}}},"2":{"name":"(anonymous_2)","decl":{"start":{"line":311,"column":28},"end":{"line":311,"column":29}},"loc":{"start":{"line":311,"column":47},"end":{"line":314,"column":10}}},"3":{"name":"(anonymous_3)","decl":{"start":{"line":317,"column":6},"end":{"line":317,"column":11}},"loc":{"start":{"line":317,"column":24},"end":{"line":333,"column":7}}},"4":{"name":"(anonymous_4)","decl":{"start":{"line":329,"column":29},"end":{"line":329,"column":30}},"loc":{"start":{"line":329,"column":49},"end":{"line":332,"column":10}}},"5":{"name":"(anonymous_5)","decl":{"start":{"line":337,"column":2},"end":{"line":337,"column":7}},"loc":{"start":{"line":337,"column":15},"end":{"line":420,"column":3}}},"6":{"name":"(anonymous_6)","decl":{"start":{"line":406,"column":46},"end":{"line":406,"column":47}},"loc":{"start":{"line":406,"column":57},"end":{"line":406,"column":71}}}},"branchMap":{"0":{"loc":{"start":{"line":319,"column":8},"end":{"line":321,"column":9}},"type":"if","locations":[{"start":{"line":319,"column":8},"end":{"line":321,"column":9}}]},"1":{"loc":{"start":{"line":348,"column":8},"end":{"line":383,"column":9}},"type":"if","locations":[{"start":{"line":348,"column":8},"end":{"line":383,"column":9}}]},"2":{"loc":{"start":{"line":349,"column":10},"end":{"line":359,"column":11}},"type":"if","locations":[{"start":{"line":349,"column":10},"end":{"line":359,"column":11}}]},"3":{"loc":{"start":{"line":361,"column":10},"end":{"line":364,"column":11}},"type":"if","locations":[{"start":{"line":361,"column":10},"end":{"line":364,"column":11}}]},"4":{"loc":{"start":{"line":366,"column":10},"end":{"line":382,"column":11}},"type":"if","locations":[{"start":{"line":366,"column":10},"end":{"line":382,"column":11}}]},"5":{"loc":{"start":{"line":370,"column":12},"end":{"line":381,"column":13}},"type":"if","locations":[{"start":{"line":370,"column":12},"end":{"line":381,"column":13}},{"start":{"line":372,"column":19},"end":{"line":381,"column":13}}]},"6":{"loc":{"start":{"line":385,"column":8},"end":{"line":389,"column":9}},"type":"if","locations":[{"start":{"line":385,"column":8},"end":{"line":389,"column":9}}]},"7":{"loc":{"start":{"line":386,"column":10},"end":{"line":388,"column":11}},"type":"if","locations":[{"start":{"line":386,"column":10},"end":{"line":388,"column":11}}]},"8":{"loc":{"start":{"line":391,"column":8},"end":{"line":402,"column":9}},"type":"if","locations":[{"start":{"line":391,"column":8},"end":{"line":402,"column":9}}]},"9":{"loc":{"start":{"line":392,"column":10},"end":{"line":401,"column":11}},"type":"if","locations":[{"start":{"line":392,"column":10},"end":{"line":401,"column":11}}]},"10":{"loc":{"start":{"line":405,"column":8},"end":{"line":409,"column":9}},"type":"if","locations":[{"start":{"line":405,"column":8},"end":{"line":409,"column":9}},{"start":{"line":407,"column":15},"end":{"line":409,"column":9}}]},"11":{"loc":{"start":{"line":411,"column":8},"end":{"line":414,"column":9}},"type":"if","locations":[{"start":{"line":411,"column":8},"end":{"line":414,"column":9}}]}},"s":{"0":1,"1":20,"2":20,"3":0,"4":0,"5":0,"6":0,"7":0,"8":0,"9":0,"10":0,"11":0,"12":0,"13":0,"14":0,"15":0,"16":0,"17":0,"18":0,"19":0,"20":0,"21":0,"22":0,"23":0,"24":0,"25":0,"26":0,"27":0,"28":0,"29":0,"30":0,"31":0,"32":0,"33":0,"34":0,"35":0,"36":0,"37":0,"38":0,"39":0,"40":0,"41":0,"42":0,"43":0,"44":0,"45":0,"46":0,"47":0,"48":0,"49":0,"50":0,"51":1},"f":{"0":20,"1":0,"2":0,"3":0,"4":0,"5":0,"6":0},"b":{"0":[0],"1":[0],"2":[0],"3":[0],"4":[0],"5":[0,0],"6":[0],"7":[0],"8":[0],"9":[0],"10":[0,0],"11":[0]}}
,"/Users/grahammann/Coding/seo-saas-platform/integrations/n8n/n8n-nodes-seotakeoff/nodes/Seotakeoff/SeotakeoffTrigger.node.ts": {"path":"/Users/grahammann/Coding/seo-saas-platform/integrations/n8n/n8n-nodes-seotakeoff/nodes/Seotakeoff/SeotakeoffTrigger.node.ts","statementMap":{"0":{"start":{"line":8,"column":0},"end":{"line":8,"column":58}},"1":{"start":{"line":11,"column":2},"end":{"line":84,"column":4}},"2":{"start":{"line":87,"column":18},"end":{"line":87,"column":58}},"3":{"start":{"line":88,"column":24},"end":{"line":88,"column":58}},"4":{"start":{"line":89,"column":16},"end":{"line":89,"column":40}},"5":{"start":{"line":91,"column":23},"end":{"line":91,"column":25}},"6":{"start":{"line":93,"column":4},"end":{"line":112,"column":5}},"7":{"start":{"line":94,"column":22},"end":{"line":94,"column":77}},"8":{"start":{"line":95,"column":25},"end":{"line":95,"column":27}},"9":{"start":{"line":96,"column":6},"end":{"line":98,"column":7}},"10":{"start":{"line":97,"column":8},"end":{"line":97,"column":38}},"11":{"start":{"line":100,"column":23},"end":{"line":100,"column":91}},"12":{"start":{"line":103,"column":27},"end":{"line":103,"column":61}},"13":{"start":{"line":104,"column":6},"end":{"line":111,"column":7}},"14":{"start":{"line":105,"column":8},"end":{"line":107,"column":10}},"15":{"start":{"line":106,"column":10},"end":{"line":106,"column":63}},"16":{"start":{"line":110,"column":8},"end":{"line":110,"column":37}},"17":{"start":{"line":114,"column":4},"end":{"line":125,"column":5}},"18":{"start":{"line":115,"column":23},"end":{"line":115,"column":80}},"19":{"start":{"line":117,"column":27},"end":{"line":117,"column":61}},"20":{"start":{"line":118,"column":6},"end":{"line":124,"column":7}},"21":{"start":{"line":119,"column":8},"end":{"line":121,"column":10}},"22":{"start":{"line":120,"column":10},"end":{"line":120,"column":63}},"23":{"start":{"line":123,"column":8},"end":{"line":123,"column":37}},"24":{"start":{"line":127,"column":4},"end":{"line":152,"column":5}},"25":{"start":{"line":128,"column":22},"end":{"line":128,"column":77}},"26":{"start":{"line":129,"column":23},"end":{"line":129,"column":80}},"27":{"start":{"line":132,"column":32},"end":{"line":132,"column":92}},"28":{"start":{"line":133,"column":54},"end":{"line":133,"column":56}},"29":{"start":{"line":135,"column":6},"end":{"line":149,"column":7}},"30":{"start":{"line":136,"column":8},"end":{"line":136,"column":53}},"31":{"start":{"line":138,"column":31},"end":{"line":138,"column":59}},"32":{"start":{"line":139,"column":8},"end":{"line":148,"column":9}},"33":{"start":{"line":141,"column":10},"end":{"line":147,"column":11}},"34":{"start":{"line":142,"column":12},"end":{"line":146,"column":15}},"35":{"start":{"line":151,"column":6},"end":{"line":151,"column":52}},"36":{"start":{"line":154,"column":4},"end":{"line":154,"column":35}},"37":{"start":{"line":156,"column":4},"end":{"line":158,"column":5}},"38":{"start":{"line":157,"column":6},"end":{"line":157,"column":18}},"39":{"start":{"line":160,"column":4},"end":{"line":160,"column":51}},"40":{"start":{"line":160,"column":33},"end":{"line":160,"column":47}},"41":{"start":{"line":10,"column":0},"end":{"line":10,"column":13}}},"fnMap":{"0":{"name":"(anonymous_0)","decl":{"start":{"line":10,"column":0},"end":{"line":10,"column":13}},"loc":{"start":{"line":10,"column":0},"end":{"line":162,"column":1}}},"1":{"name":"(anonymous_1)","decl":{"start":{"line":86,"column":2},"end":{"line":86,"column":7}},"loc":{"start":{"line":86,"column":12},"end":{"line":161,"column":3}}},"2":{"name":"(anonymous_2)","decl":{"start":{"line":105,"column":32},"end":{"line":105,"column":33}},"loc":{"start":{"line":106,"column":10},"end":{"line":106,"column":63}}},"3":{"name":"(anonymous_3)","decl":{"start":{"line":119,"column":32},"end":{"line":119,"column":33}},"loc":{"start":{"line":120,"column":10},"end":{"line":120,"column":63}}},"4":{"name":"(anonymous_4)","decl":{"start":{"line":160,"column":22},"end":{"line":160,"column":23}},"loc":{"start":{"line":160,"column":33},"end":{"line":160,"column":47}}}},"branchMap":{"0":{"loc":{"start":{"line":93,"column":4},"end":{"line":112,"column":5}},"type":"if","locations":[{"start":{"line":93,"column":4},"end":{"line":112,"column":5}}]},"1":{"loc":{"start":{"line":96,"column":6},"end":{"line":98,"column":7}},"type":"if","locations":[{"start":{"line":96,"column":6},"end":{"line":98,"column":7}}]},"2":{"loc":{"start":{"line":104,"column":6},"end":{"line":111,"column":7}},"type":"if","locations":[{"start":{"line":104,"column":6},"end":{"line":111,"column":7}},{"start":{"line":108,"column":13},"end":{"line":111,"column":7}}]},"3":{"loc":{"start":{"line":114,"column":4},"end":{"line":125,"column":5}},"type":"if","locations":[{"start":{"line":114,"column":4},"end":{"line":125,"column":5}}]},"4":{"loc":{"start":{"line":118,"column":6},"end":{"line":124,"column":7}},"type":"if","locations":[{"start":{"line":118,"column":6},"end":{"line":124,"column":7}},{"start":{"line":122,"column":13},"end":{"line":124,"column":7}}]},"5":{"loc":{"start":{"line":127,"column":4},"end":{"line":152,"column":5}},"type":"if","locations":[{"start":{"line":127,"column":4},"end":{"line":152,"column":5}}]},"6":{"loc":{"start":{"line":132,"column":32},"end":{"line":132,"column":92}},"type":"binary-expr","locations":[{"start":{"line":132,"column":32},"end":{"line":132,"column":86}},{"start":{"line":132,"column":90},"end":{"line":132,"column":92}}]},"7":{"loc":{"start":{"line":139,"column":8},"end":{"line":148,"column":9}},"type":"if","locations":[{"start":{"line":139,"column":8},"end":{"line":148,"column":9}}]},"8":{"loc":{"start":{"line":139,"column":12},"end":{"line":139,"column":63}},"type":"binary-expr","locations":[{"start":{"line":139,"column":12},"end":{"line":139,"column":26}},{"start":{"line":139,"column":30},"end":{"line":139,"column":63}}]},"9":{"loc":{"start":{"line":141,"column":10},"end":{"line":147,"column":11}},"type":"if","locations":[{"start":{"line":141,"column":10},"end":{"line":147,"column":11}}]},"10":{"loc":{"start":{"line":141,"column":14},"end":{"line":141,"column":66}},"type":"binary-expr","locations":[{"start":{"line":141,"column":14},"end":{"line":141,"column":29}},{"start":{"line":141,"column":33},"end":{"line":141,"column":66}}]},"11":{"loc":{"start":{"line":156,"column":4},"end":{"line":158,"column":5}},"type":"if","locations":[{"start":{"line":156,"column":4},"end":{"line":158,"column":5}}]}},"s":{"0":1,"1":19,"2":0,"3":0,"4":0,"5":0,"6":0,"7":0,"8":0,"9":0,"10":0,"11":0,"12":0,"13":0,"14":0,"15":0,"16":0,"17":0,"18":0,"19":0,"20":0,"21":0,"22":0,"23":0,"24":0,"25":0,"26":0,"27":0,"28":0,"29":0,"30":0,"31":0,"32":0,"33":0,"34":0,"35":0,"36":0,"37":0,"38":0,"39":0,"40":0,"41":1},"f":{"0":19,"1":0,"2":0,"3":0,"4":0},"b":{"0":[0],"1":[0],"2":[0,0],"3":[0],"4":[0,0],"5":[0],"6":[0,0],"7":[0],"8":[0,0],"9":[0],"10":[0,0],"11":[0]}}
}
