TN:
SF:credentials/SeotakeoffApi.credentials.ts
FN:8,(anonymous_0)
FNF:1
FNH:1
FNDA:9,(anonymous_0)
DA:8,1
DA:9,9
DA:10,9
DA:11,9
DA:13,9
DA:27,9
DA:36,9
LF:7
LH:7
BRF:0
BRH:0
end_of_record
TN:
SF:nodes/Seotakeoff/GenericFunctions.ts
FN:11,seotakeoffApiRequest
FN:41,seotakeoffApiRequestAllItems
FNF:2
FNH:0
FNDA:0,seotakeoffApiRequest
FNDA:0,seotakeoffApiRequestAllItems
DA:11,2
DA:18,0
DA:26,0
DA:27,0
DA:30,0
DA:31,0
DA:34,0
DA:41,2
DA:48,0
DA:50,0
DA:51,0
DA:53,0
DA:54,0
DA:62,0
DA:63,0
DA:64,0
DA:65,0
DA:67,0
DA:70,0
DA:73,0
LF:20
LH:2
BRDA:15,0,0,0
BRDA:16,1,0,0
BRDA:26,2,0,0
BRDA:30,3,0,0
BRDA:45,4,0,0
BRDA:46,5,0,0
BRDA:62,6,0,0
BRDA:62,6,1,0
BRDA:64,7,0,0
BRDA:64,7,1,0
BRF:10
BRH:0
end_of_record
TN:
SF:nodes/Seotakeoff/Seotakeoff.node.ts
FN:13,(anonymous_0)
FN:309,(anonymous_1)
FN:311,(anonymous_2)
FN:317,(anonymous_3)
FN:329,(anonymous_4)
FN:337,(anonymous_5)
FN:406,(anonymous_6)
FNF:7
FNH:1
FNDA:20,(anonymous_0)
FNDA:0,(anonymous_1)
FNDA:0,(anonymous_2)
FNDA:0,(anonymous_3)
FNDA:0,(anonymous_4)
FNDA:0,(anonymous_5)
FNDA:0,(anonymous_6)
DA:11,1
DA:13,1
DA:14,20
DA:307,20
DA:310,0
DA:311,0
DA:318,0
DA:319,0
DA:320,0
DA:322,0
DA:329,0
DA:338,0
DA:339,0
DA:341,0
DA:342,0
DA:344,0
DA:345,0
DA:348,0
DA:349,0
DA:350,0
DA:351,0
DA:353,0
DA:358,0
DA:361,0
DA:362,0
DA:363,0
DA:366,0
DA:367,0
DA:368,0
DA:370,0
DA:371,0
DA:373,0
DA:374,0
DA:385,0
DA:386,0
DA:387,0
DA:391,0
DA:392,0
DA:393,0
DA:394,0
DA:405,0
DA:406,0
DA:408,0
DA:411,0
DA:412,0
DA:413,0
DA:415,0
DA:419,0
LF:48
LH:4
BRDA:319,0,0,0
BRDA:348,1,0,0
BRDA:349,2,0,0
BRDA:361,3,0,0
BRDA:366,4,0,0
BRDA:370,5,0,0
BRDA:370,5,1,0
BRDA:385,6,0,0
BRDA:386,7,0,0
BRDA:391,8,0,0
BRDA:392,9,0,0
BRDA:405,10,0,0
BRDA:405,10,1,0
BRDA:411,11,0,0
BRF:14
BRH:0
end_of_record
TN:
SF:nodes/Seotakeoff/SeotakeoffTrigger.node.ts
FN:10,(anonymous_0)
FN:86,(anonymous_1)
FN:105,(anonymous_2)
FN:119,(anonymous_3)
FN:160,(anonymous_4)
FNF:5
FNH:1
FNDA:19,(anonymous_0)
FNDA:0,(anonymous_1)
FNDA:0,(anonymous_2)
FNDA:0,(anonymous_3)
FNDA:0,(anonymous_4)
DA:8,1
DA:10,1
DA:11,19
DA:87,0
DA:88,0
DA:89,0
DA:91,0
DA:93,0
DA:94,0
DA:95,0
DA:96,0
DA:97,0
DA:100,0
DA:103,0
DA:104,0
DA:105,0
DA:106,0
DA:110,0
DA:114,0
DA:115,0
DA:117,0
DA:118,0
DA:119,0
DA:120,0
DA:123,0
DA:127,0
DA:128,0
DA:129,0
DA:132,0
DA:133,0
DA:135,0
DA:136,0
DA:138,0
DA:139,0
DA:141,0
DA:142,0
DA:151,0
DA:154,0
DA:156,0
DA:157,0
DA:160,0
LF:41
LH:3
BRDA:93,0,0,0
BRDA:96,1,0,0
BRDA:104,2,0,0
BRDA:104,2,1,0
BRDA:114,3,0,0
BRDA:118,4,0,0
BRDA:118,4,1,0
BRDA:127,5,0,0
BRDA:132,6,0,0
BRDA:132,6,1,0
BRDA:139,7,0,0
BRDA:139,8,0,0
BRDA:139,8,1,0
BRDA:141,9,0,0
BRDA:141,10,0,0
BRDA:141,10,1,0
BRDA:156,11,0,0
BRF:17
BRH:0
end_of_record
